<?xml version="1.0" encoding="UTF-8"?>
<!-- Generated by org.testng.reporters.JUnitReportReporter -->
<testsuite skipped="0" hostname="DESKTOP-A1C45A4" name="test.ListCustomersElementTest" tests="1" failures="0" timestamp="2022-06-09T00:47:34 EDT" time="9.761" errors="0">
  <testcase name="validUserShouldBeAbleToAddContactonListCustomer" time="9.761" classname="test.ListCustomersElementTest"/>
  <system-out/>
</testsuite> <!-- test.ListCustomersElementTest -->
