<?xml version="1.0" encoding="UTF-8"?>
<!-- Generated by org.testng.reporters.JUnitReportReporter -->
<testsuite skipped="0" hostname="DESKTOP-A1C45A4" name="test.ListCustomersTest" tests="1" failures="0" timestamp="2022-06-09T00:47:34 EDT" time="12.657" errors="0">
  <testcase name="userShouldBeAbleToSeeCustomerList" time="12.657" classname="test.ListCustomersTest"/>
  <system-out/>
</testsuite> <!-- test.ListCustomersTest -->
