<?xml version="1.0" encoding="UTF-8"?>
<!-- Generated by org.testng.reporters.JUnitReportReporter -->
<testsuite skipped="0" hostname="DESKTOP-A1C45A4" name="test.AddContactTest" tests="1" failures="0" timestamp="2022-06-09T00:47:34 EDT" time="7.658" errors="0">
  <testcase name="userShouldBeAbleToAddContact" time="7.658" classname="test.AddContactTest"/>
  <system-out/>
</testsuite> <!-- test.AddContactTest -->
