<?xml version="1.0" encoding="UTF-8"?>
<!-- Generated by org.testng.reporters.JUnitReportReporter -->
<testsuite skipped="0" hostname="DESKTOP-A1C45A4" name="util.BrowserFactory" tests="1" failures="0" timestamp="2022-05-27T19:13:48 EDT" time="2.201" errors="0">
  <testcase name="init" time="2.201" classname="util.BrowserFactory"/>
  <system-out/>
</testsuite> <!-- util.BrowserFactory -->
